2022-04-06 08:49:36.433  INFO 18208 --- [restartedMain] c.s.w.crudApi.JdbcExampleApplication     : Starting JdbcExampleApplication using Java 17 on GRVJ-PC with PID 18208 (D:\spring\springBootCrudApi\target\classes started by gaura in D:\spring\springBootCrudApi)
2022-04-06 08:49:36.439  INFO 18208 --- [restartedMain] c.s.w.crudApi.JdbcExampleApplication     : No active profile set, falling back to 1 default profile: "default"
2022-04-06 08:49:36.523  INFO 18208 --- [restartedMain] .e.DevToolsPropertyDefaultsPostProcessor : Devtools property defaults active! Set 'spring.devtools.add-properties' to 'false' to disable
2022-04-06 08:49:36.524  INFO 18208 --- [restartedMain] .e.DevToolsPropertyDefaultsPostProcessor : For additional web related logging consider setting the 'logging.level.web' property to 'DEBUG'
2022-04-06 08:49:37.817  INFO 18208 --- [restartedMain] o.s.b.w.embedded.tomcat.TomcatWebServer  : Tomcat initialized with port(s): 8080 (http)
2022-04-06 08:49:37.829  INFO 18208 --- [restartedMain] o.apache.catalina.core.StandardService   : Starting service [Tomcat]
2022-04-06 08:49:37.829  INFO 18208 --- [restartedMain] org.apache.catalina.core.StandardEngine  : Starting Servlet engine: [Apache Tomcat/9.0.60]
2022-04-06 08:49:37.922  INFO 18208 --- [restartedMain] o.a.c.c.C.[Tomcat].[localhost].[/]       : Initializing Spring embedded WebApplicationContext
2022-04-06 08:49:37.923  INFO 18208 --- [restartedMain] w.s.c.ServletWebServerApplicationContext : Root WebApplicationContext: initialization completed in 1398 ms
2022-04-06 08:49:38.708  INFO 18208 --- [restartedMain] o.s.b.d.a.OptionalLiveReloadServer       : LiveReload server is running on port 35729
2022-04-06 08:49:38.754  INFO 18208 --- [restartedMain] o.s.b.w.embedded.tomcat.TomcatWebServer  : Tomcat started on port(s): 8080 (http) with context path ''
2022-04-06 08:49:38.763  INFO 18208 --- [restartedMain] c.s.w.crudApi.JdbcExampleApplication     : Started JdbcExampleApplication in 2.927 seconds (JVM running for 4.807)
2022-04-06 08:49:47.265  INFO 18208 --- [http-nio-8080-exec-1] o.a.c.c.C.[Tomcat].[localhost].[/]       : Initializing Spring DispatcherServlet 'dispatcherServlet'
2022-04-06 08:49:47.266  INFO 18208 --- [http-nio-8080-exec-1] o.s.web.servlet.DispatcherServlet        : Initializing Servlet 'dispatcherServlet'
2022-04-06 08:49:47.269  INFO 18208 --- [http-nio-8080-exec-1] o.s.web.servlet.DispatcherServlet        : Completed initialization in 3 ms
2022-04-06 08:54:07.776  INFO 18208 --- [restartedMain] c.s.w.crudApi.JdbcExampleApplication     : Starting JdbcExampleApplication using Java 17 on GRVJ-PC with PID 18208 (D:\spring\springBootCrudApi\target\classes started by gaura in D:\spring\springBootCrudApi)
2022-04-06 08:54:07.776  INFO 18208 --- [restartedMain] c.s.w.crudApi.JdbcExampleApplication     : No active profile set, falling back to 1 default profile: "default"
2022-04-06 08:54:07.920  INFO 18208 --- [restartedMain] o.s.b.w.embedded.tomcat.TomcatWebServer  : Tomcat initialized with port(s): 8080 (http)
2022-04-06 08:54:07.921  INFO 18208 --- [restartedMain] o.apache.catalina.core.StandardService   : Starting service [Tomcat]
2022-04-06 08:54:07.921  INFO 18208 --- [restartedMain] org.apache.catalina.core.StandardEngine  : Starting Servlet engine: [Apache Tomcat/9.0.60]
2022-04-06 08:54:07.935  INFO 18208 --- [restartedMain] o.a.c.c.C.[Tomcat].[localhost].[/]       : Initializing Spring embedded WebApplicationContext
2022-04-06 08:54:07.935  INFO 18208 --- [restartedMain] w.s.c.ServletWebServerApplicationContext : Root WebApplicationContext: initialization completed in 157 ms
2022-04-06 08:54:08.027  INFO 18208 --- [restartedMain] o.s.b.d.a.OptionalLiveReloadServer       : LiveReload server is running on port 35729
2022-04-06 08:54:08.035  INFO 18208 --- [restartedMain] o.s.b.w.embedded.tomcat.TomcatWebServer  : Tomcat started on port(s): 8080 (http) with context path ''
2022-04-06 08:54:08.039  INFO 18208 --- [restartedMain] c.s.w.crudApi.JdbcExampleApplication     : Started JdbcExampleApplication in 0.284 seconds (JVM running for 274.084)
2022-04-06 08:54:08.040  INFO 18208 --- [restartedMain] .ConditionEvaluationDeltaLoggingListener : Condition evaluation unchanged
2022-04-06 08:55:07.941  INFO 18208 --- [http-nio-8080-exec-1] o.a.c.c.C.[Tomcat].[localhost].[/]       : Initializing Spring DispatcherServlet 'dispatcherServlet'
2022-04-06 08:55:07.942  INFO 18208 --- [http-nio-8080-exec-1] o.s.web.servlet.DispatcherServlet        : Initializing Servlet 'dispatcherServlet'
2022-04-06 08:55:07.942  INFO 18208 --- [http-nio-8080-exec-1] o.s.web.servlet.DispatcherServlet        : Completed initialization in 0 ms
2022-04-06 09:06:17.689  INFO 18208 --- [restartedMain] c.s.w.crudApi.JdbcExampleApplication     : Starting JdbcExampleApplication using Java 17 on GRVJ-PC with PID 18208 (D:\spring\springBootCrudApi\target\classes started by gaura in D:\spring\springBootCrudApi)
2022-04-06 09:06:17.690  INFO 18208 --- [restartedMain] c.s.w.crudApi.JdbcExampleApplication     : No active profile set, falling back to 1 default profile: "default"
2022-04-06 09:06:17.810  INFO 18208 --- [restartedMain] o.s.b.w.embedded.tomcat.TomcatWebServer  : Tomcat initialized with port(s): 8080 (http)
2022-04-06 09:06:17.810  INFO 18208 --- [restartedMain] o.apache.catalina.core.StandardService   : Starting service [Tomcat]
2022-04-06 09:06:17.811  INFO 18208 --- [restartedMain] org.apache.catalina.core.StandardEngine  : Starting Servlet engine: [Apache Tomcat/9.0.60]
2022-04-06 09:06:17.822  INFO 18208 --- [restartedMain] o.a.c.c.C.[Tomcat].[localhost].[/]       : Initializing Spring embedded WebApplicationContext
2022-04-06 09:06:17.822  INFO 18208 --- [restartedMain] w.s.c.ServletWebServerApplicationContext : Root WebApplicationContext: initialization completed in 130 ms
2022-04-06 09:06:17.933  INFO 18208 --- [restartedMain] o.s.b.d.a.OptionalLiveReloadServer       : LiveReload server is running on port 35729
2022-04-06 09:06:17.941  INFO 18208 --- [restartedMain] o.s.b.w.embedded.tomcat.TomcatWebServer  : Tomcat started on port(s): 8080 (http) with context path ''
2022-04-06 09:06:17.944  INFO 18208 --- [restartedMain] c.s.w.crudApi.JdbcExampleApplication     : Started JdbcExampleApplication in 0.275 seconds (JVM running for 1003.989)
2022-04-06 09:06:17.946  INFO 18208 --- [restartedMain] .ConditionEvaluationDeltaLoggingListener : Condition evaluation unchanged
2022-04-06 09:06:50.993  INFO 18208 --- [http-nio-8080-exec-1] o.a.c.c.C.[Tomcat].[localhost].[/]       : Initializing Spring DispatcherServlet 'dispatcherServlet'
2022-04-06 09:06:50.994  INFO 18208 --- [http-nio-8080-exec-1] o.s.web.servlet.DispatcherServlet        : Initializing Servlet 'dispatcherServlet'
2022-04-06 09:06:50.995  INFO 18208 --- [http-nio-8080-exec-1] o.s.web.servlet.DispatcherServlet        : Completed initialization in 1 ms
2022-04-06 09:06:51.031 ERROR 18208 --- [http-nio-8080-exec-1] c.s.w.c.repository.WorkerRepository      : java.sql.SQLException: Column count doesn't match value count at row 1
2022-04-06 09:07:36.909  INFO 18208 --- [restartedMain] c.s.w.crudApi.JdbcExampleApplication     : Starting JdbcExampleApplication using Java 17 on GRVJ-PC with PID 18208 (D:\spring\springBootCrudApi\target\classes started by gaura in D:\spring\springBootCrudApi)
2022-04-06 09:07:36.909  INFO 18208 --- [restartedMain] c.s.w.crudApi.JdbcExampleApplication     : No active profile set, falling back to 1 default profile: "default"
2022-04-06 09:07:37.019  INFO 18208 --- [restartedMain] o.s.b.w.embedded.tomcat.TomcatWebServer  : Tomcat initialized with port(s): 8080 (http)
2022-04-06 09:07:37.020  INFO 18208 --- [restartedMain] o.apache.catalina.core.StandardService   : Starting service [Tomcat]
2022-04-06 09:07:37.020  INFO 18208 --- [restartedMain] org.apache.catalina.core.StandardEngine  : Starting Servlet engine: [Apache Tomcat/9.0.60]
2022-04-06 09:07:37.031  INFO 18208 --- [restartedMain] o.a.c.c.C.[Tomcat].[localhost].[/]       : Initializing Spring embedded WebApplicationContext
2022-04-06 09:07:37.031  INFO 18208 --- [restartedMain] w.s.c.ServletWebServerApplicationContext : Root WebApplicationContext: initialization completed in 121 ms
2022-04-06 09:07:37.101  INFO 18208 --- [restartedMain] o.s.b.d.a.OptionalLiveReloadServer       : LiveReload server is running on port 35729
2022-04-06 09:07:37.108  INFO 18208 --- [restartedMain] o.s.b.w.embedded.tomcat.TomcatWebServer  : Tomcat started on port(s): 8080 (http) with context path ''
2022-04-06 09:07:37.111  INFO 18208 --- [restartedMain] c.s.w.crudApi.JdbcExampleApplication     : Started JdbcExampleApplication in 0.223 seconds (JVM running for 1083.155)
2022-04-06 09:07:37.112  INFO 18208 --- [restartedMain] .ConditionEvaluationDeltaLoggingListener : Condition evaluation unchanged
2022-04-06 09:07:44.613  INFO 18208 --- [http-nio-8080-exec-1] o.a.c.c.C.[Tomcat].[localhost].[/]       : Initializing Spring DispatcherServlet 'dispatcherServlet'
2022-04-06 09:07:44.614  INFO 18208 --- [http-nio-8080-exec-1] o.s.web.servlet.DispatcherServlet        : Initializing Servlet 'dispatcherServlet'
2022-04-06 09:07:44.614  INFO 18208 --- [http-nio-8080-exec-1] o.s.web.servlet.DispatcherServlet        : Completed initialization in 0 ms
2022-04-06 09:07:44.621 ERROR 18208 --- [http-nio-8080-exec-1] c.s.w.c.repository.WorkerRepository      : java.sql.SQLException: Column count doesn't match value count at row 1
2022-04-06 09:13:48.358 ERROR 18208 --- [http-nio-8080-exec-4] c.s.w.c.repository.WorkerRepository      : java.sql.SQLException: Column count doesn't match value count at row 1
2022-04-06 09:19:54.762  INFO 18208 --- [restartedMain] c.s.w.crudApi.JdbcExampleApplication     : Starting JdbcExampleApplication using Java 17 on GRVJ-PC with PID 18208 (D:\spring\springBootCrudApi\target\classes started by gaura in D:\spring\springBootCrudApi)
2022-04-06 09:19:54.763  INFO 18208 --- [restartedMain] c.s.w.crudApi.JdbcExampleApplication     : No active profile set, falling back to 1 default profile: "default"
2022-04-06 09:19:55.028  INFO 18208 --- [restartedMain] o.s.b.w.embedded.tomcat.TomcatWebServer  : Tomcat initialized with port(s): 8080 (http)
2022-04-06 09:19:55.029  INFO 18208 --- [restartedMain] o.apache.catalina.core.StandardService   : Starting service [Tomcat]
2022-04-06 09:19:55.030  INFO 18208 --- [restartedMain] org.apache.catalina.core.StandardEngine  : Starting Servlet engine: [Apache Tomcat/9.0.60]
2022-04-06 09:19:55.052  INFO 18208 --- [restartedMain] o.a.c.c.C.[Tomcat].[localhost].[/]       : Initializing Spring embedded WebApplicationContext
2022-04-06 09:19:55.052  INFO 18208 --- [restartedMain] w.s.c.ServletWebServerApplicationContext : Root WebApplicationContext: initialization completed in 286 ms
2022-04-06 09:19:55.214  INFO 18208 --- [restartedMain] o.s.b.d.a.OptionalLiveReloadServer       : LiveReload server is running on port 35729
2022-04-06 09:19:55.229  INFO 18208 --- [restartedMain] o.s.b.w.embedded.tomcat.TomcatWebServer  : Tomcat started on port(s): 8080 (http) with context path ''
2022-04-06 09:19:55.236  INFO 18208 --- [restartedMain] c.s.w.crudApi.JdbcExampleApplication     : Started JdbcExampleApplication in 0.512 seconds (JVM running for 1821.28)
2022-04-06 09:19:55.237  INFO 18208 --- [restartedMain] .ConditionEvaluationDeltaLoggingListener : Condition evaluation unchanged
2022-04-06 09:20:11.964  INFO 18208 --- [restartedMain] c.s.w.crudApi.JdbcExampleApplication     : Starting JdbcExampleApplication using Java 17 on GRVJ-PC with PID 18208 (D:\spring\springBootCrudApi\target\classes started by gaura in D:\spring\springBootCrudApi)
2022-04-06 09:20:11.965  INFO 18208 --- [restartedMain] c.s.w.crudApi.JdbcExampleApplication     : No active profile set, falling back to 1 default profile: "default"
2022-04-06 09:20:12.105  INFO 18208 --- [restartedMain] o.s.b.w.embedded.tomcat.TomcatWebServer  : Tomcat initialized with port(s): 8080 (http)
2022-04-06 09:20:12.106  INFO 18208 --- [restartedMain] o.apache.catalina.core.StandardService   : Starting service [Tomcat]
2022-04-06 09:20:12.107  INFO 18208 --- [restartedMain] org.apache.catalina.core.StandardEngine  : Starting Servlet engine: [Apache Tomcat/9.0.60]
2022-04-06 09:20:12.119  INFO 18208 --- [restartedMain] o.a.c.c.C.[Tomcat].[localhost].[/]       : Initializing Spring embedded WebApplicationContext
2022-04-06 09:20:12.119  INFO 18208 --- [restartedMain] w.s.c.ServletWebServerApplicationContext : Root WebApplicationContext: initialization completed in 152 ms
2022-04-06 09:20:12.205  INFO 18208 --- [restartedMain] o.s.b.d.a.OptionalLiveReloadServer       : LiveReload server is running on port 35729
2022-04-06 09:20:12.212  INFO 18208 --- [restartedMain] o.s.b.w.embedded.tomcat.TomcatWebServer  : Tomcat started on port(s): 8080 (http) with context path ''
2022-04-06 09:20:12.215  INFO 18208 --- [restartedMain] c.s.w.crudApi.JdbcExampleApplication     : Started JdbcExampleApplication in 0.273 seconds (JVM running for 1838.26)
2022-04-06 09:20:12.216  INFO 18208 --- [restartedMain] .ConditionEvaluationDeltaLoggingListener : Condition evaluation unchanged
2022-04-06 09:20:16.714  INFO 18208 --- [http-nio-8080-exec-1] o.a.c.c.C.[Tomcat].[localhost].[/]       : Initializing Spring DispatcherServlet 'dispatcherServlet'
2022-04-06 09:20:16.715  INFO 18208 --- [http-nio-8080-exec-1] o.s.web.servlet.DispatcherServlet        : Initializing Servlet 'dispatcherServlet'
2022-04-06 09:20:16.716  INFO 18208 --- [http-nio-8080-exec-1] o.s.web.servlet.DispatcherServlet        : Completed initialization in 1 ms
2022-04-06 09:20:16.726 ERROR 18208 --- [http-nio-8080-exec-1] c.s.w.c.repository.WorkerRepository      : java.sql.SQLException: Column count doesn't match value count at row 1
2022-04-06 09:22:02.264  INFO 18208 --- [restartedMain] c.s.w.crudApi.JdbcExampleApplication     : Starting JdbcExampleApplication using Java 17 on GRVJ-PC with PID 18208 (D:\spring\springBootCrudApi\target\classes started by gaura in D:\spring\springBootCrudApi)
2022-04-06 09:22:02.264  INFO 18208 --- [restartedMain] c.s.w.crudApi.JdbcExampleApplication     : No active profile set, falling back to 1 default profile: "default"
2022-04-06 09:22:02.376  INFO 18208 --- [restartedMain] o.s.b.w.embedded.tomcat.TomcatWebServer  : Tomcat initialized with port(s): 8080 (http)
2022-04-06 09:22:02.376  INFO 18208 --- [restartedMain] o.apache.catalina.core.StandardService   : Starting service [Tomcat]
2022-04-06 09:22:02.376  INFO 18208 --- [restartedMain] org.apache.catalina.core.StandardEngine  : Starting Servlet engine: [Apache Tomcat/9.0.60]
2022-04-06 09:22:02.389  INFO 18208 --- [restartedMain] o.a.c.c.C.[Tomcat].[localhost].[/]       : Initializing Spring embedded WebApplicationContext
2022-04-06 09:22:02.389  INFO 18208 --- [restartedMain] w.s.c.ServletWebServerApplicationContext : Root WebApplicationContext: initialization completed in 123 ms
2022-04-06 09:22:02.489  INFO 18208 --- [restartedMain] o.s.b.d.a.OptionalLiveReloadServer       : LiveReload server is running on port 35729
2022-04-06 09:22:02.498  INFO 18208 --- [restartedMain] o.s.b.w.embedded.tomcat.TomcatWebServer  : Tomcat started on port(s): 8080 (http) with context path ''
2022-04-06 09:22:02.501  INFO 18208 --- [restartedMain] c.s.w.crudApi.JdbcExampleApplication     : Started JdbcExampleApplication in 0.257 seconds (JVM running for 1948.546)
2022-04-06 09:22:02.502  INFO 18208 --- [restartedMain] .ConditionEvaluationDeltaLoggingListener : Condition evaluation unchanged
2022-04-06 09:22:06.971  INFO 18208 --- [http-nio-8080-exec-1] o.a.c.c.C.[Tomcat].[localhost].[/]       : Initializing Spring DispatcherServlet 'dispatcherServlet'
2022-04-06 09:22:06.972  INFO 18208 --- [http-nio-8080-exec-1] o.s.web.servlet.DispatcherServlet        : Initializing Servlet 'dispatcherServlet'
2022-04-06 09:22:06.973  INFO 18208 --- [http-nio-8080-exec-1] o.s.web.servlet.DispatcherServlet        : Completed initialization in 1 ms
2022-04-06 09:22:06.982 ERROR 18208 --- [http-nio-8080-exec-1] c.s.w.c.repository.WorkerRepository      : java.sql.SQLException: Column count doesn't match value count at row 1
2022-04-06 09:23:00.871  INFO 18208 --- [restartedMain] c.s.w.crudApi.JdbcExampleApplication     : Starting JdbcExampleApplication using Java 17 on GRVJ-PC with PID 18208 (D:\spring\springBootCrudApi\target\classes started by gaura in D:\spring\springBootCrudApi)
2022-04-06 09:23:00.872  INFO 18208 --- [restartedMain] c.s.w.crudApi.JdbcExampleApplication     : No active profile set, falling back to 1 default profile: "default"
2022-04-06 09:23:01.135  INFO 18208 --- [restartedMain] o.s.b.w.embedded.tomcat.TomcatWebServer  : Tomcat initialized with port(s): 8080 (http)
2022-04-06 09:23:01.137  INFO 18208 --- [restartedMain] o.apache.catalina.core.StandardService   : Starting service [Tomcat]
2022-04-06 09:23:01.137  INFO 18208 --- [restartedMain] org.apache.catalina.core.StandardEngine  : Starting Servlet engine: [Apache Tomcat/9.0.60]
2022-04-06 09:23:01.171  INFO 18208 --- [restartedMain] o.a.c.c.C.[Tomcat].[localhost].[/]       : Initializing Spring embedded WebApplicationContext
2022-04-06 09:23:01.171  INFO 18208 --- [restartedMain] w.s.c.ServletWebServerApplicationContext : Root WebApplicationContext: initialization completed in 296 ms
2022-04-06 09:23:01.346  INFO 18208 --- [restartedMain] o.s.b.d.a.OptionalLiveReloadServer       : LiveReload server is running on port 35729
2022-04-06 09:23:01.360  INFO 18208 --- [restartedMain] o.s.b.w.embedded.tomcat.TomcatWebServer  : Tomcat started on port(s): 8080 (http) with context path ''
2022-04-06 09:23:01.367  INFO 18208 --- [restartedMain] c.s.w.crudApi.JdbcExampleApplication     : Started JdbcExampleApplication in 0.54 seconds (JVM running for 2007.411)
2022-04-06 09:23:01.368  INFO 18208 --- [restartedMain] .ConditionEvaluationDeltaLoggingListener : Condition evaluation unchanged
2022-04-06 09:25:49.173  INFO 18208 --- [restartedMain] c.s.w.crudApi.JdbcExampleApplication     : Starting JdbcExampleApplication using Java 17 on GRVJ-PC with PID 18208 (D:\spring\springBootCrudApi\target\classes started by gaura in D:\spring\springBootCrudApi)
2022-04-06 09:25:49.173  INFO 18208 --- [restartedMain] c.s.w.crudApi.JdbcExampleApplication     : No active profile set, falling back to 1 default profile: "default"
2022-04-06 09:25:49.283  INFO 18208 --- [restartedMain] o.s.b.w.embedded.tomcat.TomcatWebServer  : Tomcat initialized with port(s): 8080 (http)
2022-04-06 09:25:49.283  INFO 18208 --- [restartedMain] o.apache.catalina.core.StandardService   : Starting service [Tomcat]
2022-04-06 09:25:49.283  INFO 18208 --- [restartedMain] org.apache.catalina.core.StandardEngine  : Starting Servlet engine: [Apache Tomcat/9.0.60]
2022-04-06 09:25:49.295  INFO 18208 --- [restartedMain] o.a.c.c.C.[Tomcat].[localhost].[/]       : Initializing Spring embedded WebApplicationContext
2022-04-06 09:25:49.295  INFO 18208 --- [restartedMain] w.s.c.ServletWebServerApplicationContext : Root WebApplicationContext: initialization completed in 120 ms
2022-04-06 09:25:49.373  INFO 18208 --- [restartedMain] o.s.b.d.a.OptionalLiveReloadServer       : LiveReload server is running on port 35729
2022-04-06 09:25:49.383  INFO 18208 --- [restartedMain] o.s.b.w.embedded.tomcat.TomcatWebServer  : Tomcat started on port(s): 8080 (http) with context path ''
2022-04-06 09:25:49.386  INFO 18208 --- [restartedMain] c.s.w.crudApi.JdbcExampleApplication     : Started JdbcExampleApplication in 0.229 seconds (JVM running for 2175.43)
2022-04-06 09:25:49.387  INFO 18208 --- [restartedMain] .ConditionEvaluationDeltaLoggingListener : Condition evaluation unchanged
2022-04-06 09:25:56.852  INFO 18208 --- [http-nio-8080-exec-1] o.a.c.c.C.[Tomcat].[localhost].[/]       : Initializing Spring DispatcherServlet 'dispatcherServlet'
2022-04-06 09:25:56.852  INFO 18208 --- [http-nio-8080-exec-1] o.s.web.servlet.DispatcherServlet        : Initializing Servlet 'dispatcherServlet'
2022-04-06 09:25:56.855  INFO 18208 --- [http-nio-8080-exec-1] o.s.web.servlet.DispatcherServlet        : Completed initialization in 3 ms
2022-04-06 09:25:56.865 ERROR 18208 --- [http-nio-8080-exec-1] c.s.w.c.repository.WorkerRepository      : java.sql.SQLException: Column count doesn't match value count at row 1
2022-04-06 09:26:14.380  INFO 18208 --- [restartedMain] c.s.w.crudApi.JdbcExampleApplication     : Starting JdbcExampleApplication using Java 17 on GRVJ-PC with PID 18208 (D:\spring\springBootCrudApi\target\classes started by gaura in D:\spring\springBootCrudApi)
2022-04-06 09:26:14.383  INFO 18208 --- [restartedMain] c.s.w.crudApi.JdbcExampleApplication     : No active profile set, falling back to 1 default profile: "default"
2022-04-06 09:26:14.788  INFO 18208 --- [restartedMain] o.s.b.w.embedded.tomcat.TomcatWebServer  : Tomcat initialized with port(s): 8080 (http)
2022-04-06 09:26:14.790  INFO 18208 --- [restartedMain] o.apache.catalina.core.StandardService   : Starting service [Tomcat]
2022-04-06 09:26:14.791  INFO 18208 --- [restartedMain] org.apache.catalina.core.StandardEngine  : Starting Servlet engine: [Apache Tomcat/9.0.60]
2022-04-06 09:26:14.812  INFO 18208 --- [restartedMain] o.a.c.c.C.[Tomcat].[localhost].[/]       : Initializing Spring embedded WebApplicationContext
2022-04-06 09:26:14.812  INFO 18208 --- [restartedMain] w.s.c.ServletWebServerApplicationContext : Root WebApplicationContext: initialization completed in 416 ms
2022-04-06 09:26:14.994  INFO 18208 --- [restartedMain] o.s.b.d.a.OptionalLiveReloadServer       : LiveReload server is running on port 35729
2022-04-06 09:26:15.011  INFO 18208 --- [restartedMain] o.s.b.w.embedded.tomcat.TomcatWebServer  : Tomcat started on port(s): 8080 (http) with context path ''
2022-04-06 09:26:15.018  INFO 18208 --- [restartedMain] c.s.w.crudApi.JdbcExampleApplication     : Started JdbcExampleApplication in 0.747 seconds (JVM running for 2201.063)
2022-04-06 09:26:15.020  INFO 18208 --- [restartedMain] .ConditionEvaluationDeltaLoggingListener : Condition evaluation unchanged
2022-04-06 09:27:41.724  INFO 18208 --- [restartedMain] c.s.w.crudApi.JdbcExampleApplication     : Starting JdbcExampleApplication using Java 17 on GRVJ-PC with PID 18208 (D:\spring\springBootCrudApi\target\classes started by gaura in D:\spring\springBootCrudApi)
2022-04-06 09:27:41.725  INFO 18208 --- [restartedMain] c.s.w.crudApi.JdbcExampleApplication     : No active profile set, falling back to 1 default profile: "default"
2022-04-06 09:27:41.850  INFO 18208 --- [restartedMain] o.s.b.w.embedded.tomcat.TomcatWebServer  : Tomcat initialized with port(s): 8080 (http)
2022-04-06 09:27:41.850  INFO 18208 --- [restartedMain] o.apache.catalina.core.StandardService   : Starting service [Tomcat]
2022-04-06 09:27:41.850  INFO 18208 --- [restartedMain] org.apache.catalina.core.StandardEngine  : Starting Servlet engine: [Apache Tomcat/9.0.60]
2022-04-06 09:27:41.864  INFO 18208 --- [restartedMain] o.a.c.c.C.[Tomcat].[localhost].[/]       : Initializing Spring embedded WebApplicationContext
2022-04-06 09:27:41.864  INFO 18208 --- [restartedMain] w.s.c.ServletWebServerApplicationContext : Root WebApplicationContext: initialization completed in 138 ms
2022-04-06 09:27:41.939  INFO 18208 --- [restartedMain] o.s.b.d.a.OptionalLiveReloadServer       : LiveReload server is running on port 35729
2022-04-06 09:27:41.946  INFO 18208 --- [restartedMain] o.s.b.w.embedded.tomcat.TomcatWebServer  : Tomcat started on port(s): 8080 (http) with context path ''
2022-04-06 09:27:41.949  INFO 18208 --- [restartedMain] c.s.w.crudApi.JdbcExampleApplication     : Started JdbcExampleApplication in 0.241 seconds (JVM running for 2287.994)
2022-04-06 09:27:41.950  INFO 18208 --- [restartedMain] .ConditionEvaluationDeltaLoggingListener : Condition evaluation unchanged
2022-04-06 09:28:04.762  INFO 18208 --- [restartedMain] c.s.w.crudApi.JdbcExampleApplication     : Starting JdbcExampleApplication using Java 17 on GRVJ-PC with PID 18208 (D:\spring\springBootCrudApi\target\classes started by gaura in D:\spring\springBootCrudApi)
2022-04-06 09:28:04.762  INFO 18208 --- [restartedMain] c.s.w.crudApi.JdbcExampleApplication     : No active profile set, falling back to 1 default profile: "default"
2022-04-06 09:28:04.942  INFO 18208 --- [restartedMain] o.s.b.w.embedded.tomcat.TomcatWebServer  : Tomcat initialized with port(s): 8080 (http)
2022-04-06 09:28:04.943  INFO 18208 --- [restartedMain] o.apache.catalina.core.StandardService   : Starting service [Tomcat]
2022-04-06 09:28:04.943  INFO 18208 --- [restartedMain] org.apache.catalina.core.StandardEngine  : Starting Servlet engine: [Apache Tomcat/9.0.60]
2022-04-06 09:28:04.957  INFO 18208 --- [restartedMain] o.a.c.c.C.[Tomcat].[localhost].[/]       : Initializing Spring embedded WebApplicationContext
2022-04-06 09:28:04.958  INFO 18208 --- [restartedMain] w.s.c.ServletWebServerApplicationContext : Root WebApplicationContext: initialization completed in 195 ms
2022-04-06 09:28:05.101  INFO 18208 --- [restartedMain] o.s.b.d.a.OptionalLiveReloadServer       : LiveReload server is running on port 35729
2022-04-06 09:28:05.112  INFO 18208 --- [restartedMain] o.s.b.w.embedded.tomcat.TomcatWebServer  : Tomcat started on port(s): 8080 (http) with context path ''
2022-04-06 09:28:05.117  INFO 18208 --- [restartedMain] c.s.w.crudApi.JdbcExampleApplication     : Started JdbcExampleApplication in 0.391 seconds (JVM running for 2311.162)
2022-04-06 09:28:05.119  INFO 18208 --- [restartedMain] .ConditionEvaluationDeltaLoggingListener : Condition evaluation unchanged
2022-04-06 09:28:15.962  INFO 18208 --- [http-nio-8080-exec-1] o.a.c.c.C.[Tomcat].[localhost].[/]       : Initializing Spring DispatcherServlet 'dispatcherServlet'
2022-04-06 09:28:15.962  INFO 18208 --- [http-nio-8080-exec-1] o.s.web.servlet.DispatcherServlet        : Initializing Servlet 'dispatcherServlet'
2022-04-06 09:28:15.964  INFO 18208 --- [http-nio-8080-exec-1] o.s.web.servlet.DispatcherServlet        : Completed initialization in 2 ms
2022-04-06 09:28:15.971 ERROR 18208 --- [http-nio-8080-exec-1] c.s.w.c.repository.WorkerRepository      : java.sql.SQLException: Column count doesn't match value count at row 1
2022-04-06 09:29:35.878  INFO 18208 --- [restartedMain] c.s.w.crudApi.JdbcExampleApplication     : Starting JdbcExampleApplication using Java 17 on GRVJ-PC with PID 18208 (D:\spring\springBootCrudApi\target\classes started by gaura in D:\spring\springBootCrudApi)
2022-04-06 09:29:35.878  INFO 18208 --- [restartedMain] c.s.w.crudApi.JdbcExampleApplication     : No active profile set, falling back to 1 default profile: "default"
2022-04-06 09:29:36.026  INFO 18208 --- [restartedMain] o.s.b.w.embedded.tomcat.TomcatWebServer  : Tomcat initialized with port(s): 8080 (http)
2022-04-06 09:29:36.027  INFO 18208 --- [restartedMain] o.apache.catalina.core.StandardService   : Starting service [Tomcat]
2022-04-06 09:29:36.027  INFO 18208 --- [restartedMain] org.apache.catalina.core.StandardEngine  : Starting Servlet engine: [Apache Tomcat/9.0.60]
2022-04-06 09:29:36.038  INFO 18208 --- [restartedMain] o.a.c.c.C.[Tomcat].[localhost].[/]       : Initializing Spring embedded WebApplicationContext
2022-04-06 09:29:36.038  INFO 18208 --- [restartedMain] w.s.c.ServletWebServerApplicationContext : Root WebApplicationContext: initialization completed in 159 ms
2022-04-06 09:29:36.129  INFO 18208 --- [restartedMain] o.s.b.d.a.OptionalLiveReloadServer       : LiveReload server is running on port 35729
2022-04-06 09:29:36.138  INFO 18208 --- [restartedMain] o.s.b.w.embedded.tomcat.TomcatWebServer  : Tomcat started on port(s): 8080 (http) with context path ''
2022-04-06 09:29:36.141  INFO 18208 --- [restartedMain] c.s.w.crudApi.JdbcExampleApplication     : Started JdbcExampleApplication in 0.28 seconds (JVM running for 2402.185)
2022-04-06 09:29:36.142  INFO 18208 --- [restartedMain] .ConditionEvaluationDeltaLoggingListener : Condition evaluation unchanged
2022-04-06 09:30:07.094  INFO 18208 --- [restartedMain] c.s.w.crudApi.JdbcExampleApplication     : Starting JdbcExampleApplication using Java 17 on GRVJ-PC with PID 18208 (D:\spring\springBootCrudApi\target\classes started by gaura in D:\spring\springBootCrudApi)
2022-04-06 09:30:07.095  INFO 18208 --- [restartedMain] c.s.w.crudApi.JdbcExampleApplication     : No active profile set, falling back to 1 default profile: "default"
2022-04-06 09:30:07.229  INFO 18208 --- [restartedMain] o.s.b.w.embedded.tomcat.TomcatWebServer  : Tomcat initialized with port(s): 8080 (http)
2022-04-06 09:30:07.229  INFO 18208 --- [restartedMain] o.apache.catalina.core.StandardService   : Starting service [Tomcat]
2022-04-06 09:30:07.229  INFO 18208 --- [restartedMain] org.apache.catalina.core.StandardEngine  : Starting Servlet engine: [Apache Tomcat/9.0.60]
2022-04-06 09:30:07.247  INFO 18208 --- [restartedMain] o.a.c.c.C.[Tomcat].[localhost].[/]       : Initializing Spring embedded WebApplicationContext
2022-04-06 09:30:07.247  INFO 18208 --- [restartedMain] w.s.c.ServletWebServerApplicationContext : Root WebApplicationContext: initialization completed in 151 ms
2022-04-06 09:30:07.324  INFO 18208 --- [restartedMain] o.s.b.d.a.OptionalLiveReloadServer       : LiveReload server is running on port 35729
2022-04-06 09:30:07.330  INFO 18208 --- [restartedMain] o.s.b.w.embedded.tomcat.TomcatWebServer  : Tomcat started on port(s): 8080 (http) with context path ''
2022-04-06 09:30:07.333  INFO 18208 --- [restartedMain] c.s.w.crudApi.JdbcExampleApplication     : Started JdbcExampleApplication in 0.271 seconds (JVM running for 2433.378)
2022-04-06 09:30:07.334  INFO 18208 --- [restartedMain] .ConditionEvaluationDeltaLoggingListener : Condition evaluation unchanged
2022-04-06 09:30:39.294  INFO 18208 --- [restartedMain] c.s.w.crudApi.JdbcExampleApplication     : Starting JdbcExampleApplication using Java 17 on GRVJ-PC with PID 18208 (D:\spring\springBootCrudApi\target\classes started by gaura in D:\spring\springBootCrudApi)
2022-04-06 09:30:39.294  INFO 18208 --- [restartedMain] c.s.w.crudApi.JdbcExampleApplication     : No active profile set, falling back to 1 default profile: "default"
2022-04-06 09:30:39.419  INFO 18208 --- [restartedMain] o.s.b.w.embedded.tomcat.TomcatWebServer  : Tomcat initialized with port(s): 8080 (http)
2022-04-06 09:30:39.420  INFO 18208 --- [restartedMain] o.apache.catalina.core.StandardService   : Starting service [Tomcat]
2022-04-06 09:30:39.420  INFO 18208 --- [restartedMain] org.apache.catalina.core.StandardEngine  : Starting Servlet engine: [Apache Tomcat/9.0.60]
2022-04-06 09:30:39.433  INFO 18208 --- [restartedMain] o.a.c.c.C.[Tomcat].[localhost].[/]       : Initializing Spring embedded WebApplicationContext
2022-04-06 09:30:39.433  INFO 18208 --- [restartedMain] w.s.c.ServletWebServerApplicationContext : Root WebApplicationContext: initialization completed in 137 ms
2022-04-06 09:30:39.521  INFO 18208 --- [restartedMain] o.s.b.d.a.OptionalLiveReloadServer       : LiveReload server is running on port 35729
2022-04-06 09:30:39.530  INFO 18208 --- [restartedMain] o.s.b.w.embedded.tomcat.TomcatWebServer  : Tomcat started on port(s): 8080 (http) with context path ''
2022-04-06 09:30:39.533  INFO 18208 --- [restartedMain] c.s.w.crudApi.JdbcExampleApplication     : Started JdbcExampleApplication in 0.258 seconds (JVM running for 2465.578)
2022-04-06 09:30:39.534  INFO 18208 --- [restartedMain] .ConditionEvaluationDeltaLoggingListener : Condition evaluation unchanged
2022-04-06 09:30:55.305  INFO 18208 --- [restartedMain] c.s.w.crudApi.JdbcExampleApplication     : Starting JdbcExampleApplication using Java 17 on GRVJ-PC with PID 18208 (D:\spring\springBootCrudApi\target\classes started by gaura in D:\spring\springBootCrudApi)
2022-04-06 09:30:55.306  INFO 18208 --- [restartedMain] c.s.w.crudApi.JdbcExampleApplication     : No active profile set, falling back to 1 default profile: "default"
2022-04-06 09:30:55.602  INFO 18208 --- [restartedMain] o.s.b.w.embedded.tomcat.TomcatWebServer  : Tomcat initialized with port(s): 8080 (http)
2022-04-06 09:30:55.603  INFO 18208 --- [restartedMain] o.apache.catalina.core.StandardService   : Starting service [Tomcat]
2022-04-06 09:30:55.603  INFO 18208 --- [restartedMain] org.apache.catalina.core.StandardEngine  : Starting Servlet engine: [Apache Tomcat/9.0.60]
2022-04-06 09:30:55.636  INFO 18208 --- [restartedMain] o.a.c.c.C.[Tomcat].[localhost].[/]       : Initializing Spring embedded WebApplicationContext
2022-04-06 09:30:55.637  INFO 18208 --- [restartedMain] w.s.c.ServletWebServerApplicationContext : Root WebApplicationContext: initialization completed in 322 ms
2022-04-06 09:30:55.807  INFO 18208 --- [restartedMain] o.s.b.d.a.OptionalLiveReloadServer       : LiveReload server is running on port 35729
2022-04-06 09:30:55.829  INFO 18208 --- [restartedMain] o.s.b.w.embedded.tomcat.TomcatWebServer  : Tomcat started on port(s): 8080 (http) with context path ''
2022-04-06 09:30:55.838  INFO 18208 --- [restartedMain] c.s.w.crudApi.JdbcExampleApplication     : Started JdbcExampleApplication in 0.573 seconds (JVM running for 2481.883)
2022-04-06 09:30:55.840  INFO 18208 --- [restartedMain] .ConditionEvaluationDeltaLoggingListener : Condition evaluation unchanged
2022-04-06 09:31:00.382  INFO 18208 --- [http-nio-8080-exec-1] o.a.c.c.C.[Tomcat].[localhost].[/]       : Initializing Spring DispatcherServlet 'dispatcherServlet'
2022-04-06 09:31:00.383  INFO 18208 --- [http-nio-8080-exec-1] o.s.web.servlet.DispatcherServlet        : Initializing Servlet 'dispatcherServlet'
2022-04-06 09:31:00.384  INFO 18208 --- [http-nio-8080-exec-1] o.s.web.servlet.DispatcherServlet        : Completed initialization in 1 ms
2022-04-06 09:32:24.615  INFO 18208 --- [restartedMain] c.s.w.crudApi.JdbcExampleApplication     : Starting JdbcExampleApplication using Java 17 on GRVJ-PC with PID 18208 (D:\spring\springBootCrudApi\target\classes started by gaura in D:\spring\springBootCrudApi)
2022-04-06 09:32:24.615  INFO 18208 --- [restartedMain] c.s.w.crudApi.JdbcExampleApplication     : No active profile set, falling back to 1 default profile: "default"
2022-04-06 09:32:24.745  INFO 18208 --- [restartedMain] o.s.b.w.embedded.tomcat.TomcatWebServer  : Tomcat initialized with port(s): 8080 (http)
2022-04-06 09:32:24.746  INFO 18208 --- [restartedMain] o.apache.catalina.core.StandardService   : Starting service [Tomcat]
2022-04-06 09:32:24.746  INFO 18208 --- [restartedMain] org.apache.catalina.core.StandardEngine  : Starting Servlet engine: [Apache Tomcat/9.0.60]
2022-04-06 09:32:24.758  INFO 18208 --- [restartedMain] o.a.c.c.C.[Tomcat].[localhost].[/]       : Initializing Spring embedded WebApplicationContext
2022-04-06 09:32:24.758  INFO 18208 --- [restartedMain] w.s.c.ServletWebServerApplicationContext : Root WebApplicationContext: initialization completed in 141 ms
2022-04-06 09:32:24.842  INFO 18208 --- [restartedMain] o.s.b.d.a.OptionalLiveReloadServer       : LiveReload server is running on port 35729
2022-04-06 09:32:24.850  INFO 18208 --- [restartedMain] o.s.b.w.embedded.tomcat.TomcatWebServer  : Tomcat started on port(s): 8080 (http) with context path ''
2022-04-06 09:32:24.852  INFO 18208 --- [restartedMain] c.s.w.crudApi.JdbcExampleApplication     : Started JdbcExampleApplication in 0.255 seconds (JVM running for 2570.897)
2022-04-06 09:32:24.853  INFO 18208 --- [restartedMain] .ConditionEvaluationDeltaLoggingListener : Condition evaluation unchanged
2022-04-06 09:36:17.860  INFO 18208 --- [http-nio-8080-exec-1] o.a.c.c.C.[Tomcat].[localhost].[/]       : Initializing Spring DispatcherServlet 'dispatcherServlet'
2022-04-06 09:36:17.861  INFO 18208 --- [http-nio-8080-exec-1] o.s.web.servlet.DispatcherServlet        : Initializing Servlet 'dispatcherServlet'
2022-04-06 09:36:17.862  INFO 18208 --- [http-nio-8080-exec-1] o.s.web.servlet.DispatcherServlet        : Completed initialization in 1 ms
2022-04-06 10:18:25.929  INFO 18208 --- [RMI TCP Connection(92)-127.0.0.1] inMXBeanRegistrar$SpringApplicationAdmin : Application shutdown requested.
